2023/02/15 01:31:37 Log file is created...
2023/02/15 01:31:37 Info accessed
2023/02/15 01:31:48 Running command: curl https://vitoshacademy.com
2023/02/15 01:31:54 Running command: log
2023/02/15 01:31:54 Log accessed
2023/02/15 01:32:09 Running command: log
2023/02/15 01:32:09 Log accessed
2023/02/15 01:32:12 Running command: log
2023/02/15 01:32:12 Log accessed
2023/02/15 01:32:13 Running command: log
2023/02/15 01:32:13 Log accessed
2023/02/15 01:32:14 Running command: log
2023/02/15 01:32:14 Log accessed
2023/02/15 01:32:14 Running command: log
2023/02/15 01:32:14 Log accessed
2023/02/15 01:32:16 Running command: log
2023/02/15 01:32:16 Log accessed
2023/02/15 01:32:17 Running command: log
2023/02/15 01:32:17 Log accessed
2023/02/15 01:32:17 Running command: log
2023/02/15 01:32:17 Log accessed
2023/02/15 01:32:18 Running command: log
2023/02/15 01:32:18 Log accessed
2023/02/15 01:32:18 Running command: log
2023/02/15 01:32:18 Log accessed
2023/02/15 01:32:21 Running command: exit
2023/02/15 01:32:21 Exit successful.
2023/02/15 01:32:21 Thank you for using our services!
